<?xml version="1.0" encoding="UTF-8"?>
<Invoice xmlns="urn:oasis:names:specification:ubl:schema:xsd:Invoice-2"
         xmlns:cac="urn:oasis:names:specification:ubl:schema:xsd:CommonAggregateComponents-2"
         xmlns:cbc="urn:oasis:names:specification:ubl:schema:xsd:CommonBasicComponents-2"
         xmlns:ccts="urn:un:unece:uncefact:documentation:2"
         xmlns:qdt="urn:oasis:names:specification:ubl:schema:xsd:QualifiedDatatypes-2"
         xmlns:udt="urn:un:unece:uncefact:data:specification:UnqualifiedDataTypesSchemaModule:2"
         xmlns:xsi="http://www.w3.org/2001/XMLSchema-instance"
         xsi:schemaLocation="urn:oasis:names:specification:ubl:schema:xsd:Invoice-2 http://docs.oasis-open.org/ubl/os-UBL-2.1/xsd/maindoc/UBL-Invoice-2.1.xsd">
  
  <cbc:ID>TEST-2024-001</cbc:ID>
  <cbc:IssueDate>2024-01-15</cbc:IssueDate>
  <cbc:DueDate>2024-02-15</cbc:DueDate>
  <cbc:InvoiceTypeCode listID="UNCL1001">380</cbc:InvoiceTypeCode>
  <cbc:DocumentCurrencyCode listID="ISO4217">RON</cbc:DocumentCurrencyCode>
  
  <cac:AccountingSupplierParty>
    <cac:Party>
      <cac:PartyIdentification>
        <cbc:ID schemeID="RO">RO87654321</cbc:ID>
      </cac:PartyIdentification>
      <cac:PartyName>
        <cbc:Name>Test Company SRL</cbc:Name>
      </cac:PartyName>
    </cac:Party>
  </cac:AccountingSupplierParty>
  
  <cac:AccountingCustomerParty>
    <cac:Party>
      <cac:PartyIdentification>
        <cbc:ID schemeID="RO">RO12345678</cbc:ID>
      </cac:PartyIdentification>
      <cac:PartyName>
        <cbc:Name>Test Customer SRL</cbc:Name>
      </cac:PartyName>
    </cac:Party>
  </cac:AccountingCustomerParty>
  
  <cac:InvoiceLine>
    <cbc:ID>1</cbc:ID>
    <cbc:InvoicedQuantity unitCode="C62">2</cbc:InvoicedQuantity>
    <cbc:LineExtensionAmount currencyID="RON">200.00</cbc:LineExtensionAmount>
    <cac:Item>
      <cbc:Description>Test Product 1</cbc:Description>
    </cac:Item>
    <cac:Price>
      <cbc:PriceAmount currencyID="RON">100.00</cbc:PriceAmount>
    </cac:Price>
  </cac:InvoiceLine>
  
  <cac:TaxTotal>
    <cbc:TaxAmount currencyID="RON">38.00</cbc:TaxAmount>
  </cac:TaxTotal>
  
  <cac:LegalMonetaryTotal>
    <cbc:LineExtensionAmount currencyID="RON">200.00</cbc:LineExtensionAmount>
    <cbc:TaxExclusiveAmount currencyID="RON">200.00</cbc:TaxExclusiveAmount>
    <cbc:TaxInclusiveAmount currencyID="RON">238.00</cbc:TaxInclusiveAmount>
    <cbc:PayableAmount currencyID="RON">238.00</cbc:PayableAmount>
  </cac:LegalMonetaryTotal>
  
</Invoice>